{"level":"debug","datetime":"2023-11-27T09:32:41.012Z","message":"HSM raw data","data":[{"stat":"Ok","type":"cn","msg":"successful","stCode":200}],"functionName":"conversion"}
{"level":"debug","datetime":"2023-11-27T09:32:41.013Z","message":"HSM raw data","data":[{"stat":"Ok","type":"lit","msg":"successful","stCode":200}],"functionName":"conversion"}
{"level":"debug","datetime":"2023-11-27T09:32:41.624Z","message":"HSM raw data","data":[{"stat":"Ok","type":"sub","msg":"successful","stCode":200}],"functionName":"conversion"}
{"level":"debug","datetime":"2023-11-27T09:32:41.626Z","message":"HSM raw data","data":[{"stat":"Ok","type":"cp","msg":"successful","stCode":200}],"functionName":"conversion"}
{"level":"debug","datetime":"2023-11-27T09:32:41.669Z","message":"HSM raw data","data":[{"stat":"Ok","type":"cr","msg":"successful","stCode":200}],"functionName":"conversion"}
{"level":"debug","datetime":"2023-11-27T09:32:41.704Z","message":"HSM raw data","data":[{"ltp":0,"v":0,"fdtm":1696327201,"bq":810,"bs":90,"bp":467.85,"sp":582.4,"ltq":0,"tbq":810,"tsq":90,"ap":0,"lo":0,"h":0,"lcl":294.05,"ucl":1512.95,"op":0,"c":1366.15,"cng":-1366.15,"nc":-100,"to":0,"ts":"BANKNIFTY30NOV23P43900","name":"sf","tk":"58280","e":"nse_fo"}],"functionName":"conversion"}
{"level":"debug","datetime":"2023-11-27T09:39:44.176Z","message":"HSM raw data","data":[{"stat":"Ok","type":"cn","msg":"successful","stCode":200}],"functionName":"conversion"}
{"level":"debug","datetime":"2023-11-27T09:39:44.177Z","message":"HSM raw data","data":[{"stat":"Ok","type":"lit","msg":"successful","stCode":200}],"functionName":"conversion"}
{"level":"debug","datetime":"2023-11-27T09:39:44.416Z","message":"HSM raw data","data":[{"stat":"Ok","type":"sub","msg":"successful","stCode":200}],"functionName":"conversion"}
{"level":"debug","datetime":"2023-11-27T09:39:44.416Z","message":"HSM raw data","data":[{"stat":"Ok","type":"cp","msg":"successful","stCode":200}],"functionName":"conversion"}
{"level":"debug","datetime":"2023-11-27T09:39:44.416Z","message":"HSM raw data","data":[{"stat":"Ok","type":"cr","msg":"successful","stCode":200}],"functionName":"conversion"}
{"level":"debug","datetime":"2023-11-27T09:39:44.484Z","message":"HSM raw data","data":[{"ltp":0,"v":0,"fdtm":1696327201,"bq":810,"bs":90,"bp":467.85,"sp":582.4,"ltq":0,"tbq":810,"tsq":90,"ap":0,"lo":0,"h":0,"lcl":294.05,"ucl":1512.95,"op":0,"c":1366.15,"cng":-1366.15,"nc":-100,"to":0,"ts":"BANKNIFTY30NOV23P43900","name":"sf","tk":"58280","e":"nse_fo"}],"functionName":"conversion"}
{"level":"debug","datetime":"2023-11-27T09:40:13.766Z","message":"HSM raw data","data":[{"stat":"Ok","type":"cn","msg":"successful","stCode":200}],"functionName":"conversion"}
{"level":"debug","datetime":"2023-11-27T09:40:13.767Z","message":"HSM raw data","data":[{"stat":"Ok","type":"lit","msg":"successful","stCode":200}],"functionName":"conversion"}
{"level":"debug","datetime":"2023-11-27T09:40:13.983Z","message":"HSM raw data","data":[{"stat":"Ok","type":"sub","msg":"successful","stCode":200}],"functionName":"conversion"}
{"level":"debug","datetime":"2023-11-27T09:40:13.986Z","message":"HSM raw data","data":[{"stat":"Ok","type":"cp","msg":"successful","stCode":200}],"functionName":"conversion"}
{"level":"debug","datetime":"2023-11-27T09:40:14.030Z","message":"HSM raw data","data":[{"stat":"Ok","type":"cr","msg":"successful","stCode":200}],"functionName":"conversion"}
{"level":"debug","datetime":"2023-11-27T09:40:14.057Z","message":"HSM raw data","data":[{"ltp":0,"v":0,"fdtm":1696327201,"bq":810,"bs":90,"bp":467.85,"sp":582.4,"ltq":0,"tbq":810,"tsq":90,"ap":0,"lo":0,"h":0,"lcl":294.05,"ucl":1512.95,"op":0,"c":1366.15,"cng":-1366.15,"nc":-100,"to":0,"ts":"BANKNIFTY30NOV23P43900","name":"sf","tk":"58280","e":"nse_fo"}],"functionName":"conversion"}
{"level":"debug","datetime":"2023-11-27T09:41:20.142Z","message":"HSM raw data","data":[{"stat":"Ok","type":"cn","msg":"successful","stCode":200}],"functionName":"conversion"}
{"level":"debug","datetime":"2023-11-27T09:41:20.143Z","message":"HSM raw data","data":[{"stat":"Ok","type":"lit","msg":"successful","stCode":200}],"functionName":"conversion"}
{"level":"debug","datetime":"2023-11-27T09:41:20.356Z","message":"HSM raw data","data":[{"stat":"Ok","type":"sub","msg":"successful","stCode":200}],"functionName":"conversion"}
{"level":"debug","datetime":"2023-11-27T09:41:20.359Z","message":"HSM raw data","data":[{"stat":"Ok","type":"cp","msg":"successful","stCode":200}],"functionName":"conversion"}
{"level":"debug","datetime":"2023-11-27T09:41:20.403Z","message":"HSM raw data","data":[{"stat":"Ok","type":"cr","msg":"successful","stCode":200}],"functionName":"conversion"}
{"level":"debug","datetime":"2023-11-27T09:41:20.405Z","message":"HSM raw data","data":[{"ltp":0,"v":0,"fdtm":1696327201,"bq":810,"bs":90,"bp":467.85,"sp":582.4,"ltq":0,"tbq":810,"tsq":90,"ap":0,"lo":0,"h":0,"lcl":294.05,"ucl":1512.95,"op":0,"c":1366.15,"cng":-1366.15,"nc":-100,"to":0,"ts":"BANKNIFTY30NOV23P43900","name":"sf","tk":"58280","e":"nse_fo"}],"functionName":"conversion"}
{"level":"debug","datetime":"2023-11-27T09:41:52.998Z","message":"HSM raw data","data":[{"stat":"Ok","type":"cn","msg":"successful","stCode":200}],"functionName":"conversion"}
{"level":"debug","datetime":"2023-11-27T09:41:53.000Z","message":"HSM raw data","data":[{"stat":"Ok","type":"lit","msg":"successful","stCode":200}],"functionName":"conversion"}
{"level":"debug","datetime":"2023-11-27T09:41:53.194Z","message":"HSM raw data","data":[{"stat":"Ok","type":"sub","msg":"successful","stCode":200}],"functionName":"conversion"}
{"level":"debug","datetime":"2023-11-27T09:41:53.196Z","message":"HSM raw data","data":[{"stat":"Ok","type":"cp","msg":"successful","stCode":200}],"functionName":"conversion"}
{"level":"debug","datetime":"2023-11-27T09:41:53.244Z","message":"HSM raw data","data":[{"stat":"Ok","type":"cr","msg":"successful","stCode":200}],"functionName":"conversion"}
{"level":"debug","datetime":"2023-11-27T09:41:53.245Z","message":"HSM raw data","data":[{"ltp":0,"v":0,"fdtm":1696327201,"bq":810,"bs":90,"bp":467.85,"sp":582.4,"ltq":0,"tbq":810,"tsq":90,"ap":0,"lo":0,"h":0,"lcl":294.05,"ucl":1512.95,"op":0,"c":1366.15,"cng":-1366.15,"nc":-100,"to":0,"ts":"BANKNIFTY30NOV23P43900","name":"sf","tk":"58280","e":"nse_fo"}],"functionName":"conversion"}
{"level":"debug","datetime":"2023-11-27T09:41:59.575Z","message":"HSM raw data","data":[{"stat":"Ok","type":"cn","msg":"successful","stCode":200}],"functionName":"conversion"}
{"level":"debug","datetime":"2023-11-27T09:41:59.576Z","message":"HSM raw data","data":[{"stat":"Ok","type":"lit","msg":"successful","stCode":200}],"functionName":"conversion"}
{"level":"debug","datetime":"2023-11-27T09:42:01.010Z","message":"HSM raw data","data":[{"stat":"Ok","type":"cn","msg":"successful","stCode":200}],"functionName":"conversion"}
{"level":"debug","datetime":"2023-11-27T09:42:01.011Z","message":"HSM raw data","data":[{"stat":"Ok","type":"lit","msg":"successful","stCode":200}],"functionName":"conversion"}
{"level":"debug","datetime":"2023-11-27T09:42:01.304Z","message":"HSM raw data","data":[{"stat":"Ok","type":"sub","msg":"successful","stCode":200}],"functionName":"conversion"}
{"level":"debug","datetime":"2023-11-27T09:42:01.308Z","message":"HSM raw data","data":[{"stat":"Ok","type":"cp","msg":"successful","stCode":200}],"functionName":"conversion"}
{"level":"debug","datetime":"2023-11-27T09:42:01.351Z","message":"HSM raw data","data":[{"stat":"Ok","type":"cr","msg":"successful","stCode":200}],"functionName":"conversion"}
{"level":"debug","datetime":"2023-11-27T09:42:01.379Z","message":"HSM raw data","data":[{"ltp":248.8,"v":17943585,"ltt":1700819999,"fdtm":1700820000,"bq":450,"bs":30,"bp":248.95,"sp":252.8,"ltq":15,"tbq":117060,"tsq":77070,"ap":304.2,"oi":473745,"lo":228.95,"h":411.6,"lcl":0.05,"ucl":1240.6,"op":349.1,"c":360.8,"cng":-112,"nc":-31.04,"to":545843855700,"ts":"BANKNIFTY30NOV23P43900","name":"sf","tk":"58280","e":"nse_fo"}],"functionName":"conversion"}
{"level":"debug","datetime":"2023-11-27T09:42:10.907Z","message":"HSM raw data","data":[{"stat":"Ok","type":"cn","msg":"successful","stCode":200}],"functionName":"conversion"}
{"level":"debug","datetime":"2023-11-27T09:42:10.909Z","message":"HSM raw data","data":[{"stat":"Ok","type":"lit","msg":"successful","stCode":200}],"functionName":"conversion"}
{"level":"debug","datetime":"2023-11-27T09:42:11.135Z","message":"HSM raw data","data":[{"stat":"Ok","type":"sub","msg":"successful","stCode":200}],"functionName":"conversion"}
{"level":"debug","datetime":"2023-11-27T09:42:11.158Z","message":"HSM raw data","data":[{"stat":"Ok","type":"cp","msg":"successful","stCode":200}],"functionName":"conversion"}
{"level":"debug","datetime":"2023-11-27T09:42:11.158Z","message":"HSM raw data","data":[{"stat":"Ok","type":"cr","msg":"successful","stCode":200}],"functionName":"conversion"}
{"level":"debug","datetime":"2023-11-27T09:42:11.160Z","message":"HSM raw data","data":[{"ltp":0,"v":0,"fdtm":1696327201,"bq":810,"bs":90,"bp":467.85,"sp":582.4,"ltq":0,"tbq":810,"tsq":90,"ap":0,"lo":0,"h":0,"lcl":294.05,"ucl":1512.95,"op":0,"c":1366.15,"cng":-1366.15,"nc":-100,"to":0,"ts":"BANKNIFTY30NOV23P43900","name":"sf","tk":"58280","e":"nse_fo"}],"functionName":"conversion"}
{"level":"debug","datetime":"2023-11-27T09:42:18.071Z","message":"HSM raw data","data":[{"stat":"Ok","type":"cn","msg":"successful","stCode":200}],"functionName":"conversion"}
{"level":"debug","datetime":"2023-11-27T09:42:18.072Z","message":"HSM raw data","data":[{"stat":"Ok","type":"lit","msg":"successful","stCode":200}],"functionName":"conversion"}
{"level":"debug","datetime":"2023-11-27T09:42:18.287Z","message":"HSM raw data","data":[{"stat":"Ok","type":"sub","msg":"successful","stCode":200}],"functionName":"conversion"}
{"level":"debug","datetime":"2023-11-27T09:42:18.295Z","message":"HSM raw data","data":[{"stat":"Ok","type":"cp","msg":"successful","stCode":200}],"functionName":"conversion"}
{"level":"debug","datetime":"2023-11-27T09:42:18.336Z","message":"HSM raw data","data":[{"stat":"Ok","type":"cr","msg":"successful","stCode":200}],"functionName":"conversion"}
{"level":"debug","datetime":"2023-11-27T09:42:18.374Z","message":"HSM raw data","data":[{"ltp":248.8,"v":17943585,"ltt":1700819999,"fdtm":1700820000,"bq":450,"bs":30,"bp":248.95,"sp":252.8,"ltq":15,"tbq":117060,"tsq":77070,"ap":304.2,"oi":473745,"lo":228.95,"h":411.6,"lcl":0.05,"ucl":1240.6,"op":349.1,"c":360.8,"cng":-112,"nc":-31.04,"to":545843855700,"ts":"BANKNIFTY30NOV23P43900","name":"sf","tk":"58280","e":"nse_fo"}],"functionName":"conversion"}
{"level":"debug","datetime":"2023-11-27T09:42:20.315Z","message":"HSM raw data","data":[{"stat":"Ok","type":"cn","msg":"successful","stCode":200}],"functionName":"conversion"}
{"level":"debug","datetime":"2023-11-27T09:42:20.316Z","message":"HSM raw data","data":[{"stat":"Ok","type":"lit","msg":"successful","stCode":200}],"functionName":"conversion"}
{"level":"debug","datetime":"2023-11-27T09:42:20.580Z","message":"HSM raw data","data":[{"stat":"Ok","type":"sub","msg":"successful","stCode":200}],"functionName":"conversion"}
{"level":"debug","datetime":"2023-11-27T09:42:20.587Z","message":"HSM raw data","data":[{"stat":"Ok","type":"cp","msg":"successful","stCode":200}],"functionName":"conversion"}
{"level":"debug","datetime":"2023-11-27T09:42:20.624Z","message":"HSM raw data","data":[{"stat":"Ok","type":"cr","msg":"successful","stCode":200}],"functionName":"conversion"}
{"level":"debug","datetime":"2023-11-27T09:42:20.627Z","message":"HSM raw data","data":[{"ltp":0,"v":0,"fdtm":1696327201,"bq":810,"bs":90,"bp":467.85,"sp":582.4,"ltq":0,"tbq":810,"tsq":90,"ap":0,"lo":0,"h":0,"lcl":294.05,"ucl":1512.95,"op":0,"c":1366.15,"cng":-1366.15,"nc":-100,"to":0,"ts":"BANKNIFTY30NOV23P43900","name":"sf","tk":"58280","e":"nse_fo"}],"functionName":"conversion"}
{"level":"debug","datetime":"2023-11-27T09:42:23.873Z","message":"HSM raw data","data":[{"stat":"Ok","type":"cn","msg":"successful","stCode":200}],"functionName":"conversion"}
{"level":"debug","datetime":"2023-11-27T09:42:23.874Z","message":"HSM raw data","data":[{"stat":"Ok","type":"lit","msg":"successful","stCode":200}],"functionName":"conversion"}
{"level":"debug","datetime":"2023-11-27T09:42:24.052Z","message":"HSM raw data","data":[{"stat":"Ok","type":"sub","msg":"successful","stCode":200}],"functionName":"conversion"}
{"level":"debug","datetime":"2023-11-27T09:42:24.053Z","message":"HSM raw data","data":[{"stat":"Ok","type":"cp","msg":"successful","stCode":200}],"functionName":"conversion"}
{"level":"debug","datetime":"2023-11-27T09:42:24.053Z","message":"HSM raw data","data":[{"stat":"Ok","type":"cr","msg":"successful","stCode":200}],"functionName":"conversion"}
{"level":"debug","datetime":"2023-11-27T09:42:24.108Z","message":"HSM raw data","data":[{"ltp":0,"v":0,"fdtm":1696327201,"bq":810,"bs":90,"bp":467.85,"sp":582.4,"ltq":0,"tbq":810,"tsq":90,"ap":0,"lo":0,"h":0,"lcl":294.05,"ucl":1512.95,"op":0,"c":1366.15,"cng":-1366.15,"nc":-100,"to":0,"ts":"BANKNIFTY30NOV23P43900","name":"sf","tk":"58280","e":"nse_fo"}],"functionName":"conversion"}
{"level":"debug","datetime":"2023-11-27T09:42:26.435Z","message":"HSM raw data","data":[{"stat":"Ok","type":"cn","msg":"successful","stCode":200}],"functionName":"conversion"}
{"level":"debug","datetime":"2023-11-27T09:42:26.436Z","message":"HSM raw data","data":[{"stat":"Ok","type":"lit","msg":"successful","stCode":200}],"functionName":"conversion"}
{"level":"debug","datetime":"2023-11-27T09:42:26.624Z","message":"HSM raw data","data":[{"stat":"Ok","type":"sub","msg":"successful","stCode":200}],"functionName":"conversion"}
{"level":"debug","datetime":"2023-11-27T09:42:26.628Z","message":"HSM raw data","data":[{"stat":"Ok","type":"cp","msg":"successful","stCode":200}],"functionName":"conversion"}
{"level":"debug","datetime":"2023-11-27T09:42:26.672Z","message":"HSM raw data","data":[{"stat":"Ok","type":"cr","msg":"successful","stCode":200}],"functionName":"conversion"}
{"level":"debug","datetime":"2023-11-27T09:42:26.693Z","message":"HSM raw data","data":[{"ltp":248.8,"v":17943585,"ltt":1700819999,"fdtm":1700820000,"bq":450,"bs":30,"bp":248.95,"sp":252.8,"ltq":15,"tbq":117060,"tsq":77070,"ap":304.2,"oi":473745,"lo":228.95,"h":411.6,"lcl":0.05,"ucl":1240.6,"op":349.1,"c":360.8,"cng":-112,"nc":-31.04,"to":545843855700,"ts":"BANKNIFTY30NOV23P43900","name":"sf","tk":"58280","e":"nse_fo"}],"functionName":"conversion"}
{"level":"debug","datetime":"2023-11-27T09:42:32.114Z","message":"HSM raw data","data":[{"stat":"Ok","type":"cn","msg":"successful","stCode":200}],"functionName":"conversion"}
{"level":"debug","datetime":"2023-11-27T09:42:32.115Z","message":"HSM raw data","data":[{"stat":"Ok","type":"lit","msg":"successful","stCode":200}],"functionName":"conversion"}
{"level":"debug","datetime":"2023-11-27T09:42:32.539Z","message":"HSM raw data","data":[{"stat":"Ok","type":"sub","msg":"successful","stCode":200}],"functionName":"conversion"}
{"level":"debug","datetime":"2023-11-27T09:42:32.539Z","message":"HSM raw data","data":[{"stat":"Ok","type":"cp","msg":"successful","stCode":200}],"functionName":"conversion"}
{"level":"debug","datetime":"2023-11-27T09:42:32.584Z","message":"HSM raw data","data":[{"stat":"Ok","type":"cr","msg":"successful","stCode":200}],"functionName":"conversion"}
{"level":"debug","datetime":"2023-11-27T09:42:32.722Z","message":"HSM raw data","data":[{"ltp":0,"v":0,"fdtm":1696327201,"bq":810,"bs":90,"bp":467.85,"sp":582.4,"ltq":0,"tbq":810,"tsq":90,"ap":0,"lo":0,"h":0,"lcl":294.05,"ucl":1512.95,"op":0,"c":1366.15,"cng":-1366.15,"nc":-100,"to":0,"ts":"BANKNIFTY30NOV23P43900","name":"sf","tk":"58280","e":"nse_fo"}],"functionName":"conversion"}
{"level":"debug","datetime":"2023-11-27T09:43:09.744Z","message":"HSM raw data","data":[{"stat":"Ok","type":"cn","msg":"successful","stCode":200}],"functionName":"conversion"}
{"level":"debug","datetime":"2023-11-27T09:43:09.746Z","message":"HSM raw data","data":[{"stat":"Ok","type":"lit","msg":"successful","stCode":200}],"functionName":"conversion"}
{"level":"debug","datetime":"2023-11-27T09:43:09.968Z","message":"HSM raw data","data":[{"stat":"Ok","type":"sub","msg":"successful","stCode":200}],"functionName":"conversion"}
{"level":"debug","datetime":"2023-11-27T09:43:09.971Z","message":"HSM raw data","data":[{"stat":"Ok","type":"cp","msg":"successful","stCode":200}],"functionName":"conversion"}
{"level":"debug","datetime":"2023-11-27T09:43:10.022Z","message":"HSM raw data","data":[{"stat":"Ok","type":"cr","msg":"successful","stCode":200}],"functionName":"conversion"}
{"level":"debug","datetime":"2023-11-27T09:43:10.060Z","message":"HSM raw data","data":[{"ltp":0,"v":0,"fdtm":1696327201,"bq":810,"bs":90,"bp":467.85,"sp":582.4,"ltq":0,"tbq":810,"tsq":90,"ap":0,"lo":0,"h":0,"lcl":294.05,"ucl":1512.95,"op":0,"c":1366.15,"cng":-1366.15,"nc":-100,"to":0,"ts":"BANKNIFTY30NOV23P43900","name":"sf","tk":"58280","e":"nse_fo"}],"functionName":"conversion"}
{"level":"debug","datetime":"2023-11-27T09:43:38.224Z","message":"HSM raw data","data":[{"stat":"Ok","type":"cn","msg":"successful","stCode":200}],"functionName":"conversion"}
{"level":"debug","datetime":"2023-11-27T09:43:38.225Z","message":"HSM raw data","data":[{"stat":"Ok","type":"lit","msg":"successful","stCode":200}],"functionName":"conversion"}
{"level":"debug","datetime":"2023-11-27T09:43:38.490Z","message":"HSM raw data","data":[{"stat":"Ok","type":"sub","msg":"successful","stCode":200}],"functionName":"conversion"}
{"level":"debug","datetime":"2023-11-27T09:43:38.490Z","message":"HSM raw data","data":[{"stat":"Ok","type":"cp","msg":"successful","stCode":200}],"functionName":"conversion"}
{"level":"debug","datetime":"2023-11-27T09:43:38.511Z","message":"HSM raw data","data":[{"stat":"Ok","type":"cr","msg":"successful","stCode":200}],"functionName":"conversion"}
{"level":"debug","datetime":"2023-11-27T09:43:38.512Z","message":"HSM raw data","data":[{"ltp":0,"v":0,"fdtm":1696327201,"bq":810,"bs":90,"bp":467.85,"sp":582.4,"ltq":0,"tbq":810,"tsq":90,"ap":0,"lo":0,"h":0,"lcl":294.05,"ucl":1512.95,"op":0,"c":1366.15,"cng":-1366.15,"nc":-100,"to":0,"ts":"BANKNIFTY30NOV23P43900","name":"sf","tk":"58280","e":"nse_fo"}],"functionName":"conversion"}
{"level":"debug","datetime":"2023-11-27T09:45:13.255Z","message":"HSM raw data","data":[{"stat":"Ok","type":"lit","msg":"successful","stCode":200}],"functionName":"conversion"}
{"level":"debug","datetime":"2023-11-27T09:45:13.254Z","message":"HSM raw data","data":[{"stat":"Ok","type":"cn","msg":"successful","stCode":200}],"functionName":"conversion"}
{"level":"debug","datetime":"2023-11-27T09:45:13.464Z","message":"HSM raw data","data":[{"stat":"Ok","type":"sub","msg":"successful","stCode":200}],"functionName":"conversion"}
{"level":"debug","datetime":"2023-11-27T09:45:13.467Z","message":"HSM raw data","data":[{"stat":"Ok","type":"cp","msg":"successful","stCode":200}],"functionName":"conversion"}
{"level":"debug","datetime":"2023-11-27T09:45:13.511Z","message":"HSM raw data","data":[{"stat":"Ok","type":"cr","msg":"successful","stCode":200}],"functionName":"conversion"}
{"level":"debug","datetime":"2023-11-27T09:45:13.532Z","message":"HSM raw data","data":[{"ltp":248.8,"v":17943585,"ltt":1700819999,"fdtm":1700820000,"bq":450,"bs":30,"bp":248.95,"sp":252.8,"ltq":15,"tbq":117060,"tsq":77070,"ap":304.2,"oi":473745,"lo":228.95,"h":411.6,"lcl":0.05,"ucl":1240.6,"op":349.1,"c":360.8,"cng":-112,"nc":-31.04,"to":545843855700,"ts":"BANKNIFTY30NOV23P43900","name":"sf","tk":"58280","e":"nse_fo"}],"functionName":"conversion"}
{"level":"debug","datetime":"2023-11-27T14:53:26.895Z","message":"HSM raw data","data":[{"stat":"Ok","type":"cn","msg":"successful","stCode":200}],"functionName":"conversion"}
{"level":"debug","datetime":"2023-11-27T14:53:26.896Z","message":"HSM raw data","data":[{"stat":"Ok","type":"lit","msg":"successful","stCode":200}],"functionName":"conversion"}
{"level":"debug","datetime":"2023-11-27T14:53:27.125Z","message":"HSM raw data","data":[{"stat":"Ok","type":"sub","msg":"successful","stCode":200}],"functionName":"conversion"}
{"level":"debug","datetime":"2023-11-27T14:53:27.125Z","message":"HSM raw data","data":[{"stat":"Ok","type":"cp","msg":"successful","stCode":200}],"functionName":"conversion"}
{"level":"debug","datetime":"2023-11-27T14:53:27.126Z","message":"HSM raw data","data":[{"stat":"Ok","type":"cr","msg":"successful","stCode":200}],"functionName":"conversion"}
{"level":"debug","datetime":"2023-11-27T14:53:27.157Z","message":"HSM raw data","data":[{"ltp":0,"v":0,"fdtm":1696327201,"bq":810,"bs":90,"bp":467.85,"sp":582.4,"ltq":0,"tbq":810,"tsq":90,"ap":0,"lo":0,"h":0,"lcl":294.05,"ucl":1512.95,"op":0,"c":1366.15,"cng":-1366.15,"nc":-100,"to":0,"ts":"BANKNIFTY30NOV23P43900","name":"sf","tk":"58280","e":"nse_fo"}],"functionName":"conversion"}
{"level":"debug","datetime":"2023-11-27T14:54:10.912Z","message":"HSM raw data","data":[{"stat":"Ok","type":"cn","msg":"successful","stCode":200}],"functionName":"conversion"}
{"level":"debug","datetime":"2023-11-27T14:54:10.913Z","message":"HSM raw data","data":[{"stat":"Ok","type":"lit","msg":"successful","stCode":200}],"functionName":"conversion"}
{"level":"debug","datetime":"2023-11-27T14:54:11.517Z","message":"HSM raw data","data":[{"stat":"Ok","type":"sub","msg":"successful","stCode":200}],"functionName":"conversion"}
{"level":"debug","datetime":"2023-11-27T14:54:11.518Z","message":"HSM raw data","data":[{"stat":"Ok","type":"cp","msg":"successful","stCode":200}],"functionName":"conversion"}
{"level":"debug","datetime":"2023-11-27T14:54:11.518Z","message":"HSM raw data","data":[{"stat":"Ok","type":"cr","msg":"successful","stCode":200}],"functionName":"conversion"}
{"level":"debug","datetime":"2023-11-27T14:54:11.551Z","message":"HSM raw data","data":[{"ltp":0,"v":0,"fdtm":1696327201,"bq":810,"bs":90,"bp":467.85,"sp":582.4,"ltq":0,"tbq":810,"tsq":90,"ap":0,"lo":0,"h":0,"lcl":294.05,"ucl":1512.95,"op":0,"c":1366.15,"cng":-1366.15,"nc":-100,"to":0,"ts":"BANKNIFTY30NOV23P43900","name":"sf","tk":"58280","e":"nse_fo"}],"functionName":"conversion"}
{"level":"debug","datetime":"2023-11-27T14:54:20.860Z","message":"get_profile response","data":{"s":"ok","code":200,"message":"","data":{"fy_id":"XA21067","name":"A JAGANNATH","image":null,"display_name":null,"pin_change_date":"14-11-2022 23:26:33","email_id":"raojagannath11@gmail.com","pwd_change_date":"27-11-2021 03:52:53;90","PAN":"---------","mobile_number":"8093840187","totp":false,"pwd_to_expire":90}},"functionName":"get_profile"}
{"level":"debug","datetime":"2023-11-27T14:55:08.037Z","message":"HSM raw data","data":[{"stat":"Ok","type":"cn","msg":"successful","stCode":200}],"functionName":"conversion"}
{"level":"debug","datetime":"2023-11-27T14:55:08.038Z","message":"HSM raw data","data":[{"stat":"Ok","type":"lit","msg":"successful","stCode":200}],"functionName":"conversion"}
{"level":"debug","datetime":"2023-11-27T14:55:08.259Z","message":"HSM raw data","data":[{"stat":"Ok","type":"sub","msg":"successful","stCode":200}],"functionName":"conversion"}
{"level":"debug","datetime":"2023-11-27T14:55:08.260Z","message":"HSM raw data","data":[{"stat":"Ok","type":"cp","msg":"successful","stCode":200}],"functionName":"conversion"}
{"level":"debug","datetime":"2023-11-27T14:55:08.260Z","message":"HSM raw data","data":[{"stat":"Ok","type":"cr","msg":"successful","stCode":200}],"functionName":"conversion"}
{"level":"debug","datetime":"2023-11-27T14:55:08.293Z","message":"HSM raw data","data":[{"ltp":0,"v":0,"fdtm":1696327201,"bq":810,"bs":90,"bp":467.85,"sp":582.4,"ltq":0,"tbq":810,"tsq":90,"ap":0,"lo":0,"h":0,"lcl":294.05,"ucl":1512.95,"op":0,"c":1366.15,"cng":-1366.15,"nc":-100,"to":0,"ts":"BANKNIFTY30NOV23P43900","name":"sf","tk":"58280","e":"nse_fo"}],"functionName":"conversion"}
{"level":"debug","datetime":"2023-11-27T14:55:10.560Z","message":"HSM raw data","data":[{"stat":"Ok","type":"cn","msg":"successful","stCode":200}],"functionName":"conversion"}
{"level":"debug","datetime":"2023-11-27T14:55:10.562Z","message":"HSM raw data","data":[{"stat":"Ok","type":"lit","msg":"successful","stCode":200}],"functionName":"conversion"}
{"level":"debug","datetime":"2023-11-27T14:55:10.803Z","message":"HSM raw data","data":[{"stat":"Ok","type":"sub","msg":"successful","stCode":200}],"functionName":"conversion"}
{"level":"debug","datetime":"2023-11-27T14:55:10.806Z","message":"HSM raw data","data":[{"stat":"Ok","type":"cp","msg":"successful","stCode":200}],"functionName":"conversion"}
{"level":"debug","datetime":"2023-11-27T14:55:10.849Z","message":"HSM raw data","data":[{"stat":"Ok","type":"cr","msg":"successful","stCode":200}],"functionName":"conversion"}
{"level":"debug","datetime":"2023-11-27T14:55:10.892Z","message":"HSM raw data","data":[{"ltp":0,"v":0,"fdtm":1696327201,"bq":810,"bs":90,"bp":467.85,"sp":582.4,"ltq":0,"tbq":810,"tsq":90,"ap":0,"lo":0,"h":0,"lcl":294.05,"ucl":1512.95,"op":0,"c":1366.15,"cng":-1366.15,"nc":-100,"to":0,"ts":"BANKNIFTY30NOV23P43900","name":"sf","tk":"58280","e":"nse_fo"}],"functionName":"conversion"}
{"level":"debug","datetime":"2023-11-27T14:55:21.958Z","message":"HSM raw data","data":[{"stat":"Ok","type":"cn","msg":"successful","stCode":200}],"functionName":"conversion"}
{"level":"error","datetime":"2023-11-27T14:55:21.959Z","message":"error converting message","data":{"error":{}},"functionName":"conversion"}
{"level":"debug","datetime":"2023-11-27T14:55:21.959Z","message":"HSM raw data","data":[{"stat":"Ok","type":"lit","msg":"successful","stCode":200}],"functionName":"conversion"}
{"level":"error","datetime":"2023-11-27T14:55:21.959Z","message":"error converting message","data":{"error":{}},"functionName":"conversion"}
{"level":"debug","datetime":"2023-11-27T14:55:22.157Z","message":"HSM raw data","data":[{"stat":"Ok","type":"sub","msg":"successful","stCode":200}],"functionName":"conversion"}
{"level":"debug","datetime":"2023-11-27T14:55:22.159Z","message":"HSM raw data","data":[{"stat":"Ok","type":"cp","msg":"successful","stCode":200}],"functionName":"conversion"}
{"level":"debug","datetime":"2023-11-27T14:55:22.159Z","message":"HSM raw data","data":[{"stat":"Ok","type":"cr","msg":"successful","stCode":200}],"functionName":"conversion"}
{"level":"debug","datetime":"2023-11-27T14:55:22.220Z","message":"HSM raw data","data":[{"ltp":0,"v":0,"fdtm":1696327201,"bq":810,"bs":90,"bp":467.85,"sp":582.4,"ltq":0,"tbq":810,"tsq":90,"ap":0,"lo":0,"h":0,"lcl":294.05,"ucl":1512.95,"op":0,"c":1366.15,"cng":-1366.15,"nc":-100,"to":0,"ts":"BANKNIFTY30NOV23P43900","name":"sf","tk":"58280","e":"nse_fo"}],"functionName":"conversion"}
{"level":"debug","datetime":"2023-11-27T14:56:58.607Z","message":"HSM raw data","data":[{"stat":"Ok","type":"cn","msg":"successful","stCode":200}],"functionName":"conversion"}
{"level":"error","datetime":"2023-11-27T14:56:58.607Z","message":"error converting message","data":{"error":{}},"functionName":"conversion"}
{"level":"debug","datetime":"2023-11-27T14:56:58.607Z","message":"HSM raw data","data":[{"stat":"Ok","type":"lit","msg":"successful","stCode":200}],"functionName":"conversion"}
{"level":"error","datetime":"2023-11-27T14:56:58.607Z","message":"error converting message","data":{"error":{}},"functionName":"conversion"}
{"level":"debug","datetime":"2023-11-27T14:56:58.779Z","message":"HSM raw data","data":[{"stat":"Ok","type":"sub","msg":"successful","stCode":200}],"functionName":"conversion"}
{"level":"debug","datetime":"2023-11-27T14:56:58.786Z","message":"HSM raw data","data":[{"stat":"Ok","type":"cp","msg":"successful","stCode":200}],"functionName":"conversion"}
{"level":"debug","datetime":"2023-11-27T14:56:58.827Z","message":"HSM raw data","data":[{"stat":"Ok","type":"cr","msg":"successful","stCode":200}],"functionName":"conversion"}
{"level":"debug","datetime":"2023-11-27T14:56:58.831Z","message":"HSM raw data","data":[{"ltp":246,"v":21477,"ltt":1701097015,"fdtm":1701097015,"bq":1,"bs":7,"bp":245.1,"sp":246,"ltq":1,"tbq":568,"tsq":1059,"ap":265.48,"oi":4547,"lo":230,"h":300,"yh":430,"yl":0,"lcl":10.5,"ucl":924.2,"op":238,"c":232.3,"cng":13.7,"nc":5.9,"to":570171396,"ts":"CRUDEOIL14DEC23P6300","name":"sf","tk":"260008","e":"mcx_fo"}],"functionName":"conversion"}
{"level":"debug","datetime":"2023-11-27T14:56:58.988Z","message":"HSM raw data","data":[{"ltp":245.2,"cng":12.9,"nc":5.55,"name":"sf","tk":"260008","e":"mcx_fo"}],"functionName":"conversion"}
{"level":"debug","datetime":"2023-11-27T14:56:59.790Z","message":"HSM raw data","data":[{"ltp":245,"cng":12.7,"nc":5.47,"name":"sf","tk":"260008","e":"mcx_fo"}],"functionName":"conversion"}
{"level":"debug","datetime":"2023-11-27T14:57:06.592Z","message":"HSM raw data","data":[{"ltp":244.5,"cng":12.2,"nc":5.25,"name":"sf","tk":"260008","e":"mcx_fo"}],"functionName":"conversion"}
{"level":"debug","datetime":"2023-11-27T14:57:08.496Z","message":"HSM raw data","data":[{"ltp":244.3,"cng":12,"nc":5.17,"name":"sf","tk":"260008","e":"mcx_fo"}],"functionName":"conversion"}
{"level":"debug","datetime":"2023-11-27T14:57:09.467Z","message":"HSM raw data","data":[{"ltp":244.5,"cng":12.2,"nc":5.25,"name":"sf","tk":"260008","e":"mcx_fo"}],"functionName":"conversion"}
{"level":"debug","datetime":"2023-11-27T14:57:10.502Z","message":"HSM raw data","data":[{"ltp":243.9,"cng":11.6,"nc":4.99,"name":"sf","tk":"260008","e":"mcx_fo"}],"functionName":"conversion"}
{"level":"debug","datetime":"2023-11-27T14:57:11.699Z","message":"HSM raw data","data":[{"ltp":244.5,"cng":12.2,"nc":5.25,"name":"sf","tk":"260008","e":"mcx_fo"}],"functionName":"conversion"}
{"level":"debug","datetime":"2023-11-27T14:57:13.035Z","message":"HSM raw data","data":[{"ltp":243.4,"cng":11.1,"nc":4.78,"name":"sf","tk":"260008","e":"mcx_fo"}],"functionName":"conversion"}
{"level":"debug","datetime":"2023-11-27T14:57:14.949Z","message":"HSM raw data","data":[{"ltp":244.5,"cng":12.2,"nc":5.25,"name":"sf","tk":"260008","e":"mcx_fo"}],"functionName":"conversion"}
{"level":"debug","datetime":"2023-11-27T14:57:20.208Z","message":"HSM raw data","data":[{"ltp":244.8,"cng":12.5,"nc":5.38,"name":"sf","tk":"260008","e":"mcx_fo"}],"functionName":"conversion"}
{"level":"debug","datetime":"2023-11-27T14:57:21.307Z","message":"HSM raw data","data":[{"ltp":245,"cng":12.7,"nc":5.47,"name":"sf","tk":"260008","e":"mcx_fo"}],"functionName":"conversion"}
{"level":"debug","datetime":"2023-11-27T14:57:23.005Z","message":"HSM raw data","data":[{"ltp":244,"cng":11.7,"nc":5.04,"name":"sf","tk":"260008","e":"mcx_fo"}],"functionName":"conversion"}
{"level":"debug","datetime":"2023-11-27T14:57:24.123Z","message":"HSM raw data","data":[{"ltp":244.5,"cng":12.2,"nc":5.25,"name":"sf","tk":"260008","e":"mcx_fo"}],"functionName":"conversion"}
{"level":"debug","datetime":"2023-11-27T14:57:25.006Z","message":"HSM raw data","data":[{"ltp":243.9,"cng":11.6,"nc":4.99,"name":"sf","tk":"260008","e":"mcx_fo"}],"functionName":"conversion"}
{"level":"debug","datetime":"2023-11-27T14:57:28.657Z","message":"HSM raw data","data":[{"ltp":244,"cng":11.7,"nc":5.04,"name":"sf","tk":"260008","e":"mcx_fo"}],"functionName":"conversion"}
{"level":"debug","datetime":"2023-11-27T14:57:33.012Z","message":"HSM raw data","data":[{"ltp":244.2,"cng":11.9,"nc":5.12,"name":"sf","tk":"260008","e":"mcx_fo"}],"functionName":"conversion"}
{"level":"debug","datetime":"2023-11-27T14:57:33.818Z","message":"HSM raw data","data":[{"ltp":244.3,"cng":12,"nc":5.17,"name":"sf","tk":"260008","e":"mcx_fo"}],"functionName":"conversion"}
{"level":"debug","datetime":"2023-11-27T14:57:35.018Z","message":"HSM raw data","data":[{"ltp":244.1,"cng":11.8,"nc":5.08,"name":"sf","tk":"260008","e":"mcx_fo"}],"functionName":"conversion"}
{"level":"debug","datetime":"2023-11-27T14:57:37.016Z","message":"HSM raw data","data":[{"ltp":244.2,"cng":11.9,"nc":5.12,"name":"sf","tk":"260008","e":"mcx_fo"}],"functionName":"conversion"}
{"level":"debug","datetime":"2023-11-27T14:57:39.016Z","message":"HSM raw data","data":[{"ltp":245,"cng":12.7,"nc":5.47,"name":"sf","tk":"260008","e":"mcx_fo"}],"functionName":"conversion"}
{"level":"debug","datetime":"2023-11-27T14:57:44.222Z","message":"HSM raw data","data":[{"ltp":244,"cng":11.7,"nc":5.04,"name":"sf","tk":"260008","e":"mcx_fo"}],"functionName":"conversion"}
{"level":"debug","datetime":"2023-11-27T14:57:45.423Z","message":"HSM raw data","data":[{"ltp":245,"cng":12.7,"nc":5.47,"name":"sf","tk":"260008","e":"mcx_fo"}],"functionName":"conversion"}
{"level":"debug","datetime":"2023-11-27T14:57:47.068Z","message":"HSM raw data","data":[{"ltp":244.2,"cng":11.9,"nc":5.12,"name":"sf","tk":"260008","e":"mcx_fo"}],"functionName":"conversion"}
{"level":"debug","datetime":"2023-11-27T14:57:47.723Z","message":"HSM raw data","data":[{"ltp":244.9,"cng":12.6,"nc":5.42,"name":"sf","tk":"260008","e":"mcx_fo"}],"functionName":"conversion"}
{"level":"debug","datetime":"2023-11-27T14:57:49.021Z","message":"HSM raw data","data":[{"ltp":245,"cng":12.7,"nc":5.47,"name":"sf","tk":"260008","e":"mcx_fo"}],"functionName":"conversion"}
{"level":"debug","datetime":"2023-11-27T14:57:54.230Z","message":"HSM raw data","data":[{"ltp":244.3,"cng":12,"nc":5.17,"name":"sf","tk":"260008","e":"mcx_fo"}],"functionName":"conversion"}
{"level":"debug","datetime":"2023-11-27T14:57:54.629Z","message":"HSM raw data","data":[{"ltp":244.9,"cng":12.6,"nc":5.42,"name":"sf","tk":"260008","e":"mcx_fo"}],"functionName":"conversion"}
{"level":"debug","datetime":"2023-11-27T14:57:56.628Z","message":"HSM raw data","data":[{"ltp":245,"cng":12.7,"nc":5.47,"name":"sf","tk":"260008","e":"mcx_fo"}],"functionName":"conversion"}
{"level":"debug","datetime":"2023-11-27T14:57:59.476Z","message":"HSM raw data","data":[{"ltp":244.9,"cng":12.6,"nc":5.42,"name":"sf","tk":"260008","e":"mcx_fo"}],"functionName":"conversion"}
